<?xml version="1.0" encoding="UTF-8"?>
<!-- Generated by org.testng.reporters.JUnitReportReporter -->
<testsuite hostname="Sudha" failures="0" tests="1" name="runner.TestngTestRunner" time="4.105" errors="0" timestamp="2023-10-13T16:35:12 EDT" skipped="0">
  <testcase classname="runner.TestngTestRunner" name="runScenario" time="4.105"/>
</testsuite> <!-- runner.TestngTestRunner -->
