<?xml version="1.0" encoding="UTF-8"?>
<!-- Generated by org.testng.reporters.JUnitReportReporter -->
<testsuite hostname="Sudha" failures="0" tests="5" name="runner.TestngTestRunner" time="11.372" errors="0" timestamp="2023-09-19T11:54:35 EDT" skipped="0">
  <testcase classname="runner.TestngTestRunner" name="runScenario" time="2.134"/>
  <testcase classname="runner.TestngTestRunner" name="runScenario" time="2.159"/>
  <testcase classname="runner.TestngTestRunner" name="runScenario" time="2.247"/>
  <testcase classname="runner.TestngTestRunner" name="runScenario" time="2.712"/>
  <testcase classname="runner.TestngTestRunner" name="runScenario" time="2.120"/>
</testsuite> <!-- runner.TestngTestRunner -->
