<?xml version="1.0" encoding="UTF-8"?>
<!-- Generated by org.testng.reporters.JUnitReportReporter -->
<testsuite hostname="Sudha" failures="0" tests="6" name="runner.TestngTestRunner" time="15.707" errors="0" timestamp="2023-09-25T22:50:24 EDT" skipped="0">
  <testcase classname="runner.TestngTestRunner" name="runScenario" time="2.143"/>
  <testcase classname="runner.TestngTestRunner" name="runScenario" time="2.170"/>
  <testcase classname="runner.TestngTestRunner" name="runScenario" time="5.371"/>
  <testcase classname="runner.TestngTestRunner" name="runScenario" time="2.212"/>
  <testcase classname="runner.TestngTestRunner" name="runScenario" time="1.687"/>
  <testcase classname="runner.TestngTestRunner" name="runScenario" time="2.124"/>
</testsuite> <!-- runner.TestngTestRunner -->
