<?xml version="1.0" encoding="UTF-8"?>
<!-- Generated by org.testng.reporters.JUnitReportReporter -->
<testsuite hostname="Sudha" failures="0" tests="1" name="runner.TestngTestRunner" time="5.362" errors="0" timestamp="2023-10-12T13:52:31 EDT" skipped="0">
  <testcase classname="runner.TestngTestRunner" name="runScenario" time="5.362"/>
</testsuite> <!-- runner.TestngTestRunner -->
