<?xml version="1.0" encoding="UTF-8"?>
<!-- Generated by org.testng.reporters.JUnitReportReporter -->
<testsuite hostname="Sudha" failures="0" tests="1" name="runner.TestngTestRunner" time="4.531" errors="0" timestamp="2023-10-12T15:40:21 EDT" skipped="0">
  <testcase classname="runner.TestngTestRunner" name="runScenario" time="4.531"/>
</testsuite> <!-- runner.TestngTestRunner -->
