<?xml version="1.0" encoding="UTF-8"?>
<!-- Generated by org.testng.reporters.JUnitReportReporter -->
<testsuite hostname="Sudha" failures="0" tests="1" name="runner.TestngTestRunner" time="5.025" errors="0" timestamp="2023-10-03T22:49:06 EDT" skipped="0">
  <testcase classname="runner.TestngTestRunner" name="runScenario" time="5.025"/>
</testsuite> <!-- runner.TestngTestRunner -->
