<?xml version="1.0" encoding="UTF-8"?>
<!-- Generated by org.testng.reporters.JUnitReportReporter -->
<testsuite hostname="Sudha" failures="0" tests="40" name="runner.TestngTestRunner" time="148.178" errors="0" timestamp="2023-09-30T23:36:16 EDT" skipped="0">
  <testcase classname="runner.TestngTestRunner" name="runScenario" time="3.580"/>
  <testcase classname="runner.TestngTestRunner" name="runScenario" time="5.024"/>
  <testcase classname="runner.TestngTestRunner" name="runScenario" time="3.552"/>
  <testcase classname="runner.TestngTestRunner" name="runScenario" time="2.326"/>
  <testcase classname="runner.TestngTestRunner" name="runScenario" time="3.301"/>
  <testcase classname="runner.TestngTestRunner" name="runScenario" time="3.668"/>
  <testcase classname="runner.TestngTestRunner" name="runScenario" time="2.209"/>
  <testcase classname="runner.TestngTestRunner" name="runScenario" time="2.381"/>
  <testcase classname="runner.TestngTestRunner" name="runScenario" time="3.740"/>
  <testcase classname="runner.TestngTestRunner" name="runScenario" time="4.010"/>
  <testcase classname="runner.TestngTestRunner" name="runScenario" time="3.505"/>
  <testcase classname="runner.TestngTestRunner" name="runScenario" time="3.280"/>
  <testcase classname="runner.TestngTestRunner" name="runScenario" time="5.271"/>
  <testcase classname="runner.TestngTestRunner" name="runScenario" time="3.874"/>
  <testcase classname="runner.TestngTestRunner" name="runScenario" time="3.905"/>
  <testcase classname="runner.TestngTestRunner" name="runScenario" time="3.767"/>
  <testcase classname="runner.TestngTestRunner" name="runScenario" time="3.880"/>
  <testcase classname="runner.TestngTestRunner" name="runScenario" time="3.601"/>
  <testcase classname="runner.TestngTestRunner" name="runScenario" time="3.928"/>
  <testcase classname="runner.TestngTestRunner" name="runScenario" time="3.789"/>
  <testcase classname="runner.TestngTestRunner" name="runScenario" time="3.581"/>
  <testcase classname="runner.TestngTestRunner" name="runScenario" time="3.613"/>
  <testcase classname="runner.TestngTestRunner" name="runScenario" time="2.479"/>
  <testcase classname="runner.TestngTestRunner" name="runScenario" time="3.712"/>
  <testcase classname="runner.TestngTestRunner" name="runScenario" time="6.435"/>
  <testcase classname="runner.TestngTestRunner" name="runScenario" time="2.387"/>
  <testcase classname="runner.TestngTestRunner" name="runScenario" time="3.833"/>
  <testcase classname="runner.TestngTestRunner" name="runScenario" time="4.179"/>
  <testcase classname="runner.TestngTestRunner" name="runScenario" time="4.832"/>
  <testcase classname="runner.TestngTestRunner" name="runScenario" time="3.810"/>
  <testcase classname="runner.TestngTestRunner" name="runScenario" time="3.576"/>
  <testcase classname="runner.TestngTestRunner" name="runScenario" time="3.660"/>
  <testcase classname="runner.TestngTestRunner" name="runScenario" time="2.740"/>
  <testcase classname="runner.TestngTestRunner" name="runScenario" time="3.517"/>
  <testcase classname="runner.TestngTestRunner" name="runScenario" time="3.701"/>
  <testcase classname="runner.TestngTestRunner" name="runScenario" time="3.964"/>
  <testcase classname="runner.TestngTestRunner" name="runScenario" time="3.573"/>
  <testcase classname="runner.TestngTestRunner" name="runScenario" time="3.983"/>
  <testcase classname="runner.TestngTestRunner" name="runScenario" time="3.452"/>
  <testcase classname="runner.TestngTestRunner" name="runScenario" time="4.560"/>
</testsuite> <!-- runner.TestngTestRunner -->
