<?xml version="1.0" encoding="UTF-8"?>
<!-- Generated by org.testng.reporters.JUnitReportReporter -->
<testsuite hostname="Sudha" failures="0" tests="40" name="runner.TestngTestRunner" time="199.932" errors="0" timestamp="2023-10-13T12:18:04 EDT" skipped="0">
  <testcase classname="runner.TestngTestRunner" name="runScenario" time="4.816"/>
  <testcase classname="runner.TestngTestRunner" name="runScenario" time="2.632"/>
  <testcase classname="runner.TestngTestRunner" name="runScenario" time="5.023"/>
  <testcase classname="runner.TestngTestRunner" name="runScenario" time="5.236"/>
  <testcase classname="runner.TestngTestRunner" name="runScenario" time="6.551"/>
  <testcase classname="runner.TestngTestRunner" name="runScenario" time="5.213"/>
  <testcase classname="runner.TestngTestRunner" name="runScenario" time="5.982"/>
  <testcase classname="runner.TestngTestRunner" name="runScenario" time="5.384"/>
  <testcase classname="runner.TestngTestRunner" name="runScenario" time="5.712"/>
  <testcase classname="runner.TestngTestRunner" name="runScenario" time="5.280"/>
  <testcase classname="runner.TestngTestRunner" name="runScenario" time="5.059"/>
  <testcase classname="runner.TestngTestRunner" name="runScenario" time="4.895"/>
  <testcase classname="runner.TestngTestRunner" name="runScenario" time="3.278"/>
  <testcase classname="runner.TestngTestRunner" name="runScenario" time="5.285"/>
  <testcase classname="runner.TestngTestRunner" name="runScenario" time="4.400"/>
  <testcase classname="runner.TestngTestRunner" name="runScenario" time="5.068"/>
  <testcase classname="runner.TestngTestRunner" name="runScenario" time="2.808"/>
  <testcase classname="runner.TestngTestRunner" name="runScenario" time="5.305"/>
  <testcase classname="runner.TestngTestRunner" name="runScenario" time="5.143"/>
  <testcase classname="runner.TestngTestRunner" name="runScenario" time="4.895"/>
  <testcase classname="runner.TestngTestRunner" name="runScenario" time="4.929"/>
  <testcase classname="runner.TestngTestRunner" name="runScenario" time="5.414"/>
  <testcase classname="runner.TestngTestRunner" name="runScenario" time="5.078"/>
  <testcase classname="runner.TestngTestRunner" name="runScenario" time="6.618"/>
  <testcase classname="runner.TestngTestRunner" name="runScenario" time="2.786"/>
  <testcase classname="runner.TestngTestRunner" name="runScenario" time="5.636"/>
  <testcase classname="runner.TestngTestRunner" name="runScenario" time="7.590"/>
  <testcase classname="runner.TestngTestRunner" name="runScenario" time="4.852"/>
  <testcase classname="runner.TestngTestRunner" name="runScenario" time="4.874"/>
  <testcase classname="runner.TestngTestRunner" name="runScenario" time="4.871"/>
  <testcase classname="runner.TestngTestRunner" name="runScenario" time="4.790"/>
  <testcase classname="runner.TestngTestRunner" name="runScenario" time="7.530"/>
  <testcase classname="runner.TestngTestRunner" name="runScenario" time="4.765"/>
  <testcase classname="runner.TestngTestRunner" name="runScenario" time="5.358"/>
  <testcase classname="runner.TestngTestRunner" name="runScenario" time="4.933"/>
  <testcase classname="runner.TestngTestRunner" name="runScenario" time="3.368"/>
  <testcase classname="runner.TestngTestRunner" name="runScenario" time="5.216"/>
  <testcase classname="runner.TestngTestRunner" name="runScenario" time="5.245"/>
  <testcase classname="runner.TestngTestRunner" name="runScenario" time="2.720"/>
  <testcase classname="runner.TestngTestRunner" name="runScenario" time="5.394"/>
</testsuite> <!-- runner.TestngTestRunner -->
